<component name="libraryTable">
  <library name="junit-4.12 (1)">
    <CLASSES>
      <root url="jar://$PROJECT_DIR$/../../../gs-ui-1.3/gs-ui-1.3/gs-algo-1.3.jar!/" />
      <root url="jar://$PROJECT_DIR$/../../../gs-ui-1.3/gs-ui-1.3/gs-core-1.3-sources.jar!/" />
      <root url="jar://$PROJECT_DIR$/../../../gs-ui-1.3/gs-ui-1.3/gs-core-1.3.jar!/" />
      <root url="jar://$PROJECT_DIR$/../../../gs-ui-1.3/gs-ui-1.3/gs-ui-1.3.jar!/" />
      <root url="jar://$PROJECT_DIR$/../../../gs-ui-1.3/gs-ui-1.3/junit-4.12 (1).jar!/" />
      <root url="jar://$PROJECT_DIR$/../../../gs-ui-1.3/gs-ui-1.3/neo4j-jdbc-bolt-3.0.2.jar!/" />
    </CLASSES>
    <JAVADOC>
      <root url="jar://$PROJECT_DIR$/../../../gs-ui-1.3/gs-ui-1.3/gs-algo-1.3-javadoc.jar!/" />
      <root url="jar://$PROJECT_DIR$/../../../gs-ui-1.3/gs-ui-1.3/gs-core-1.3-javadoc.jar!/" />
    </JAVADOC>
    <SOURCES>
      <root url="jar://$PROJECT_DIR$/../../../gs-ui-1.3/gs-ui-1.3/gs-algo-1.3-sources.jar!/" />
      <root url="jar://$PROJECT_DIR$/../../../gs-ui-1.3/gs-ui-1.3/gs-core-1.3-sources.jar!/" />
    </SOURCES>
  </library>
</component>